<?xml version="1.0" encoding="UTF-8"?>
<testng-results ignored="0" total="1" passed="1" failed="0" skipped="0">
  <reporter-output>
  </reporter-output>
  <suite started-at="2024-11-10T11:41:45 IST" name="Default suite" finished-at="2024-11-10T11:42:00 IST" duration-ms="14289">
    <groups>
    </groups>
    <test started-at="2024-11-10T11:41:45 IST" name="Default test" finished-at="2024-11-10T11:42:00 IST" duration-ms="14289">
      <class name="demoProject.FirstCode">
        <test-method signature="InvokeBrowser()[pri:0, instance:demoProject.FirstCode@5c33f1a9]" started-at="2024-11-10T11:41:45 IST" name="InvokeBrowser" finished-at="2024-11-10T11:42:00 IST" duration-ms="14213" status="PASS">
          <reporter-output>
          </reporter-output>
        </test-method> <!-- InvokeBrowser -->
      </class> <!-- demoProject.FirstCode -->
    </test> <!-- Default test -->
  </suite> <!-- Default suite -->
</testng-results>
